[GIN-debug] [WARNING] Creating an Engine instance with the Logger and Recovery middleware already attached.

[GIN-debug] [WARNING] Running in "debug" mode. Switch to "release" mode in production.
 - using env:	export GIN_MODE=release
 - using code:	gin.SetMode(gin.ReleaseMode)

[GIN-debug] POST   /users                    --> github.com/AdairHdz/OTW-Rest-API/controller.UserController.Store.func1 (6 handlers)
[GIN-debug] POST   /users/login              --> github.com/AdairHdz/OTW-Rest-API/controller.UserController.Login.func1 (6 handlers)
[GIN-debug] POST   /users/logout             --> github.com/AdairHdz/OTW-Rest-API/controller.UserController.Logout.func1 (6 handlers)
[GIN-debug] POST   /users/:userId/token/refresh --> github.com/AdairHdz/OTW-Rest-API/controller.UserController.RefreshToken.func1 (6 handlers)
[GIN-debug] PUT    /users/:userId/verify     --> github.com/AdairHdz/OTW-Rest-API/controller.UserController.SendEmail.func1 (7 handlers)
[GIN-debug] PATCH  /users/:userId/verify     --> github.com/AdairHdz/OTW-Rest-API/controller.UserController.Verify.func1 (7 handlers)
[GIN-debug] GET    /states                   --> github.com/AdairHdz/OTW-Rest-API/controller.StateController.Index.func1 (6 handlers)
[GIN-debug] GET    /states/:stateId/cities   --> github.com/AdairHdz/OTW-Rest-API/controller.StateController.IndexCities.func1 (6 handlers)
[GIN-debug] PUT    /providers/:serviceProviderId/image --> github.com/AdairHdz/OTW-Rest-API/controller.ServiceProviderController.StoreImage.func1 (6 handlers)
[GIN-debug] GET    /providers/:serviceProviderId --> github.com/AdairHdz/OTW-Rest-API/controller.ServiceProviderController.GetWithId.func1 (7 handlers)
[GIN-debug] GET    /providers/:serviceProviderId/reviews --> github.com/AdairHdz/OTW-Rest-API/controller.ReviewController.GetWithId.func1 (7 handlers)
[GIN-debug] GET    /providers/:serviceProviderId/priceRates --> github.com/AdairHdz/OTW-Rest-API/controller.PriceRateController.FindAll.func1 (7 handlers)
[GIN-debug] POST   /providers/:serviceProviderId/reviews --> github.com/AdairHdz/OTW-Rest-API/controller.ReviewController.Store.func1 (7 handlers)
[GIN-debug] POST   /providers/:serviceProviderId/reviews/:reviewId/evidence --> github.com/AdairHdz/OTW-Rest-API/controller.ReviewController.UploadEvidence.func1 (7 handlers)
[GIN-debug] GET    /providers/:serviceProviderId/priceRates/:cityId --> github.com/AdairHdz/OTW-Rest-API/controller.PriceRateController.FindActivePriceRate.func1 (7 handlers)
[GIN-debug] GET    /providers                --> github.com/AdairHdz/OTW-Rest-API/controller.ServiceProviderController.Index.func1 (7 handlers)
[GIN-debug] GET    /providers/:serviceProviderId/statistics --> github.com/AdairHdz/OTW-Rest-API/controller.ServiceProviderController.GetStatistics.func1 (8 handlers)
[GIN-debug] POST   /providers/:serviceProviderId/priceRates --> github.com/AdairHdz/OTW-Rest-API/controller.PriceRateController.Store.func1 (8 handlers)
[GIN-debug] DELETE /providers/:serviceProviderId/priceRates/:priceRateId --> github.com/AdairHdz/OTW-Rest-API/controller.PriceRateController.Delete.func1 (8 handlers)
[GIN-debug] GET    /providers/:serviceProviderId/requests/:serviceRequestId --> github.com/AdairHdz/OTW-Rest-API/controller.RequestController.GetRequestProvider.func1 (8 handlers)
[GIN-debug] GET    /providers/:serviceProviderId/requests --> github.com/AdairHdz/OTW-Rest-API/controller.RequestController.IndexRequestProvider.func1 (8 handlers)
[GIN-debug] POST   /requesters/:serviceRequesterId/addresses --> github.com/AdairHdz/OTW-Rest-API/controller.AddressController.Store.func1 (8 handlers)
[GIN-debug] GET    /requesters/:serviceRequesterId/addresses --> github.com/AdairHdz/OTW-Rest-API/controller.AddressController.Index.func1 (8 handlers)
[GIN-debug] GET    /requesters/:serviceRequesterId/requests/:serviceRequestId --> github.com/AdairHdz/OTW-Rest-API/controller.RequestController.GetRequestRequester.func1 (8 handlers)
[GIN-debug] GET    /requesters/:serviceRequesterId/requests --> github.com/AdairHdz/OTW-Rest-API/controller.RequestController.IndexRequestRequester.func1 (8 handlers)
[GIN-debug] POST   /requests                 --> github.com/AdairHdz/OTW-Rest-API/controller.RequestController.Store.func1 (7 handlers)
[GIN-debug] PATCH  /requests/:serviceRequestId --> github.com/AdairHdz/OTW-Rest-API/controller.RequestController.StoreStatus.func1 (7 handlers)
[GIN-debug] GET    /images/*filepath         --> github.com/gin-gonic/gin.(*RouterGroup).createStaticHandler.func1 (6 handlers)
[GIN-debug] HEAD   /images/*filepath         --> github.com/gin-gonic/gin.(*RouterGroup).createStaticHandler.func1 (6 handlers)
[GIN-debug] GET    /reviews/*filepath        --> github.com/gin-gonic/gin.(*RouterGroup).createStaticHandler.func1 (6 handlers)
[GIN-debug] HEAD   /reviews/*filepath        --> github.com/gin-gonic/gin.(*RouterGroup).createStaticHandler.func1 (6 handlers)
[GIN-debug] Listening and serving HTTP on 0.0.0.0:8000
IP Address: 192.168.192.1 | TimeStamp: [07 Dec 21 15:06 CST] | Requested Method: GET | Path: /states/395bd679-79b4-4517-9c27-72a92db797b3/cities | StatusCode: 200
[GIN] 2021/12/07 - 15:06:30 | 200 |      4.3413ms |   192.168.192.1 | GET      "/states/395bd679-79b4-4517-9c27-72a92db797b3/cities"
IP Address: 192.168.192.1 | TimeStamp: [07 Dec 21 15:06 CST] | Requested Method: GET | Path: /states/395bd679-79b4-4517-9c27-72a92db797b3/cities | StatusCode: 200
[GIN] 2021/12/07 - 15:06:35 | 200 |       877.9µs |   192.168.192.1 | GET      "/states/395bd679-79b4-4517-9c27-72a92db797b3/cities"
IP Address: 192.168.192.1 | TimeStamp: [07 Dec 21 15:06 CST] | Requested Method: GET | Path: /states/395bd679-79b4-4517-9c27-72a92db797b3/cities | StatusCode: 200
[GIN] 2021/12/07 - 15:06:36 | 200 |      1.4007ms |   192.168.192.1 | GET      "/states/395bd679-79b4-4517-9c27-72a92db797b3/cities"
